[debug] [2022-11-08T13:10:57.462Z] ----------------------------------------------------------------------
[debug] [2022-11-08T13:10:57.463Z] Command:       /usr/local/bin/firebase /Users/air/.cache/firebase/tools/lib/node_modules/firebase-tools/lib/bin/firebase deploy
[debug] [2022-11-08T13:10:57.464Z] CLI Version:   11.16.0
[debug] [2022-11-08T13:10:57.464Z] Platform:      darwin
[debug] [2022-11-08T13:10:57.464Z] Node Version:  v16.16.0
[debug] [2022-11-08T13:10:57.465Z] Time:          Tue Nov 08 2022 15:10:57 GMT+0200 (GMT+02:00)
[debug] [2022-11-08T13:10:57.466Z] ----------------------------------------------------------------------
[debug] 
[debug] [2022-11-08T13:10:57.528Z] > command requires scopes: ["email","openid","https://www.googleapis.com/auth/cloudplatformprojects.readonly","https://www.googleapis.com/auth/firebase","https://www.googleapis.com/auth/cloud-platform"]
[debug] [2022-11-08T13:10:57.528Z] > authorizing via signed-in user (trenersem1998@gmail.com)
[debug] [2022-11-08T13:10:57.529Z] [iam] checking project portfolio-798ae for permissions ["firebase.projects.get","firebasehosting.sites.update"]
[debug] [2022-11-08T13:10:57.531Z] >>> [apiv2][query] POST https://cloudresourcemanager.googleapis.com/v1/projects/portfolio-798ae:testIamPermissions [none]
[debug] [2022-11-08T13:10:57.531Z] >>> [apiv2][(partial)header] POST https://cloudresourcemanager.googleapis.com/v1/projects/portfolio-798ae:testIamPermissions x-goog-quota-user=projects/portfolio-798ae
[debug] [2022-11-08T13:10:57.531Z] >>> [apiv2][body] POST https://cloudresourcemanager.googleapis.com/v1/projects/portfolio-798ae:testIamPermissions {"permissions":["firebase.projects.get","firebasehosting.sites.update"]}
[debug] [2022-11-08T13:10:58.659Z] <<< [apiv2][status] POST https://cloudresourcemanager.googleapis.com/v1/projects/portfolio-798ae:testIamPermissions 200
[debug] [2022-11-08T13:10:58.660Z] <<< [apiv2][body] POST https://cloudresourcemanager.googleapis.com/v1/projects/portfolio-798ae:testIamPermissions {"permissions":["firebase.projects.get","firebasehosting.sites.update"]}
[debug] [2022-11-08T13:10:58.661Z] >>> [apiv2][query] GET https://firebase.googleapis.com/v1beta1/projects/portfolio-798ae [none]
[debug] [2022-11-08T13:10:58.977Z] <<< [apiv2][status] GET https://firebase.googleapis.com/v1beta1/projects/portfolio-798ae 200
[debug] [2022-11-08T13:10:58.977Z] <<< [apiv2][body] GET https://firebase.googleapis.com/v1beta1/projects/portfolio-798ae {"projectId":"portfolio-798ae","projectNumber":"433635312189","displayName":"Portfolio","name":"projects/portfolio-798ae","resources":{"hostingSite":"portfolio-798ae"},"state":"ACTIVE","etag":"1_8401890e-d49c-482a-b822-e8de75b54052"}
[debug] [2022-11-08T13:11:20.326Z] Error: The package "esbuild-darwin-64" could not be found, and is needed by esbuild.

If you are installing esbuild with npm, make sure that you don't specify the
"--no-optional" flag. The "optionalDependencies" package.json feature is used
by esbuild to install the correct binary executable for your current platform.
    at generateBinPath (/Users/air/.cache/firebase/tools/lib/node_modules/firebase-tools/node_modules/esbuild/lib/main.js:1786:15)
    at esbuildCommandAndArgs (/Users/air/.cache/firebase/tools/lib/node_modules/firebase-tools/node_modules/esbuild/lib/main.js:1850:33)
    at ensureServiceIsRunning (/Users/air/.cache/firebase/tools/lib/node_modules/firebase-tools/node_modules/esbuild/lib/main.js:2015:25)
    at Object.build (/Users/air/.cache/firebase/tools/lib/node_modules/firebase-tools/node_modules/esbuild/lib/main.js:1906:26)
    at ɵcodegenFunctionsDirectory (/Users/air/.cache/firebase/tools/lib/node_modules/firebase-tools/lib/frameworks/next/index.js:190:23)
    at async prepareFrameworks (/Users/air/.cache/firebase/tools/lib/node_modules/firebase-tools/lib/frameworks/index.js:302:84)
    at async deploy (/Users/air/.cache/firebase/tools/lib/node_modules/firebase-tools/lib/deploy/index.js:53:13)
[error] 
[error] Error: An unexpected error has occurred.
